[debug] [2022-12-06T07:57:24.079Z] ----------------------------------------------------------------------
[debug] [2022-12-06T07:57:24.095Z] Command:       C:\Program Files\nodejs\node.exe C:\Program Files\nodejs\node_modules\firebase-tools\lib\bin\firebase.js init
[debug] [2022-12-06T07:57:24.098Z] CLI Version:   11.16.1
[debug] [2022-12-06T07:57:24.099Z] Platform:      win32
[debug] [2022-12-06T07:57:24.100Z] Node Version:  v16.4.0
[debug] [2022-12-06T07:57:24.105Z] Time:          Tue Dec 06 2022 13:27:24 GMT+0530 (India Standard Time)
[debug] [2022-12-06T07:57:24.106Z] ----------------------------------------------------------------------
[debug] 
[debug] [2022-12-06T07:57:24.662Z] > command requires scopes: ["email","openid","https://www.googleapis.com/auth/cloudplatformprojects.readonly","https://www.googleapis.com/auth/firebase","https://www.googleapis.com/auth/cloud-platform"]
[debug] [2022-12-06T07:57:24.664Z] > authorizing via signed-in user (sandunnw@gmail.com)
[info] 
     ######## #### ########  ######## ########     ###     ######  ########
     ##        ##  ##     ## ##       ##     ##  ##   ##  ##       ##
     ######    ##  ########  ######   ########  #########  ######  ######
     ##        ##  ##    ##  ##       ##     ## ##     ##       ## ##
     ##       #### ##     ## ######## ########  ##     ##  ######  ########

You're about to initialize a Firebase project in this directory:

  D:\projects2022\ecomm-app\client

Before we get started, keep in mind:

  * You are initializing within an existing Firebase project directory

